================================================== 
                 Linked List Buah
================================================== 
1. Tambah Data
2. Hapus Data
3. Lihat Data
4. Exit
Pilih menu (1-4): 1
================================================== 
                    TAMBAH DATA
================================================== 
Nama buah: pisang
Harga: 10000
================================================== 
                    MENU SISIP
================================================== 
1. SISIP DEPAN
2. SISIP BELAKANG
3. SISIP TENGAH
Pilih (1-3): 1
Berhasil tambah data!
================================================== 
                 Linked List Buah
================================================== 
1. Tambah Data
2. Hapus Data
3. Lihat Data
4. Exit
Pilih menu (1-4): 3
 ================================================== 
                   DAFTAR BUAH!
================================================== 
Nama Buah: pisang
Harga Buah: 10000
------------------------------------------------- 
(q) for quit: q
PILIH YANG BENER!
================================================== 
                 Linked List Buah
================================================== 
1. Tambah Data
2. Hapus Data
3. Lihat Data
4. Exit
Pilih menu (1-4): 1
================================================== 
                    TAMBAH DATA
================================================== 
Nama buah: apel
Harga: 12000
================================================== 
                    MENU SISIP
================================================== 
1. SISIP DEPAN
2. SISIP BELAKANG
3. SISIP TENGAH
Pilih (1-3): 2
Berhasil tambah data!
================================================== 
                 Linked List Buah
================================================== 
1. Tambah Data
2. Hapus Data
3. Lihat Data
4. Exit
Pilih menu (1-4): 1
================================================== 
                    TAMBAH DATA
================================================== 
Nama buah: mangga
Harga: 11000
================================================== 
                    MENU SISIP
================================================== 
1. SISIP DEPAN
2. SISIP BELAKANG
3. SISIP TENGAH
Pilih (1-3): 3
Berhasil tambah data!
================================================== 
                 Linked List Buah
================================================== 
1. Tambah Data
2. Hapus Data
3. Lihat Data
4. Exit
Pilih menu (1-4): 3
================================================== 
                   DAFTAR BUAH!
================================================== 
Nama Buah: pisang
Harga Buah: 10000
------------------------------------------------- 
Nama Buah: mangga
Harga Buah: 11000
------------------------------------------------- 
Nama Buah: apel
Harga Buah: 12000
------------------------------------------------- 
(q) for quit: q
================================================== 
                 Linked List Buah
================================================== 
1. Tambah Data
2. Hapus Data
3. Lihat Data
4. Exit
Pilih menu (1-4):
================================================== 
                    HAPUS BUAH
================================================== 
Nama buah: pisang
================================================== 
                   DAFTAR BUAH!
================================================== 
Nama Buah: mangga
Harga Buah: 11000
------------------------------------------------- 
Nama Buah: apel
Harga Buah: 12000
------------------------------------------------- 
(q) for quit: q
================================================== 
                 Linked List Buah
================================================== 
1. Tambah Data
2. Hapus Data
3. Lihat Data
4. Exit
Pilih menu (1-4): 4
PILIH YANG BENER!
